E:\编程\易语言\支持库\ESQUIRREL3_STD\SQUIRREL3\LIB\SQUIRREL.LIB
E:\编程\易语言\支持库\ESquirrel3_std\squirrel3\squirrel\Release\cl.command.1.tlog
E:\编程\易语言\支持库\ESquirrel3_std\squirrel3\squirrel\Release\CL.read.1.tlog
E:\编程\易语言\支持库\ESquirrel3_std\squirrel3\squirrel\Release\CL.write.1.tlog
E:\编程\易语言\支持库\ESquirrel3_std\squirrel3\squirrel\Release\lib.command.1.tlog
E:\编程\易语言\支持库\ESquirrel3_std\squirrel3\squirrel\Release\Lib.read.1.tlog
E:\编程\易语言\支持库\ESquirrel3_std\squirrel3\squirrel\Release\Lib-link.read.1.tlog
E:\编程\易语言\支持库\ESquirrel3_std\squirrel3\squirrel\Release\Lib-link.write.1.tlog
E:\编程\易语言\支持库\ESQUIRREL3_STD\SQUIRREL3\SQUIRREL\RELEASE\SQAPI.OBJ
E:\编程\易语言\支持库\ESQUIRREL3_STD\SQUIRREL3\SQUIRREL\RELEASE\SQBASELIB.OBJ
E:\编程\易语言\支持库\ESQUIRREL3_STD\SQUIRREL3\SQUIRREL\RELEASE\SQCLASS.OBJ
E:\编程\易语言\支持库\ESQUIRREL3_STD\SQUIRREL3\SQUIRREL\RELEASE\SQCOMPILER.OBJ
E:\编程\易语言\支持库\ESQUIRREL3_STD\SQUIRREL3\SQUIRREL\RELEASE\SQDEBUG.OBJ
E:\编程\易语言\支持库\ESQUIRREL3_STD\SQUIRREL3\SQUIRREL\RELEASE\SQFUNCSTATE.OBJ
E:\编程\易语言\支持库\ESQUIRREL3_STD\SQUIRREL3\SQUIRREL\RELEASE\SQLEXER.OBJ
E:\编程\易语言\支持库\ESQUIRREL3_STD\SQUIRREL3\SQUIRREL\RELEASE\SQMEM.OBJ
E:\编程\易语言\支持库\ESQUIRREL3_STD\SQUIRREL3\SQUIRREL\RELEASE\SQOBJECT.OBJ
E:\编程\易语言\支持库\ESQUIRREL3_STD\SQUIRREL3\SQUIRREL\RELEASE\SQSTATE.OBJ
E:\编程\易语言\支持库\ESQUIRREL3_STD\SQUIRREL3\SQUIRREL\RELEASE\SQTABLE.OBJ
E:\编程\易语言\支持库\ESQUIRREL3_STD\SQUIRREL3\SQUIRREL\RELEASE\SQVM.OBJ
