.\fne\esquirrel3.bsc
E:\编程\易语言\支持库\ESquirrel3\.\fne\esquirrel3.fne
E:\编程\易语言\支持库\ESquirrel3\fne\BscMake.command.1.tlog
E:\编程\易语言\支持库\ESquirrel3\fne\bscmake.read.1.tlog
E:\编程\易语言\支持库\ESquirrel3\fne\bscmake.write.1.tlog
E:\编程\易语言\支持库\ESquirrel3\fne\cl.command.1.tlog
E:\编程\易语言\支持库\ESquirrel3\fne\CL.read.1.tlog
E:\编程\易语言\支持库\ESquirrel3\fne\CL.write.1.tlog
E:\编程\易语言\支持库\ESQUIRREL3\FNE\ESQUIRREL3.BSC
E:\编程\易语言\支持库\ESQUIRREL3\FNE\ESQUIRREL3.FNE
E:\编程\易语言\支持库\ESQUIRREL3\FNE\ESQUIRREL3.OBJ
E:\编程\易语言\支持库\ESQUIRREL3\FNE\ESQUIRREL3.SBR
E:\编程\易语言\支持库\ESquirrel3\fne\esquirrel3.write.1.tlog
E:\编程\易语言\支持库\ESQUIRREL3\FNE\HELPER.OBJ
E:\编程\易语言\支持库\ESQUIRREL3\FNE\HELPER.SBR
E:\编程\易语言\支持库\ESquirrel3\fne\link.11072.read.1.tlog
E:\编程\易语言\支持库\ESquirrel3\fne\link.11072.write.1.tlog
E:\编程\易语言\支持库\ESquirrel3\fne\link.11200.read.1.tlog
E:\编程\易语言\支持库\ESquirrel3\fne\link.11200.write.1.tlog
E:\编程\易语言\支持库\ESquirrel3\fne\link.11320.read.1.tlog
E:\编程\易语言\支持库\ESquirrel3\fne\link.11320.write.1.tlog
E:\编程\易语言\支持库\ESquirrel3\fne\link.11416.read.1.tlog
E:\编程\易语言\支持库\ESquirrel3\fne\link.11416.write.1.tlog
E:\编程\易语言\支持库\ESquirrel3\fne\link.11888.read.1.tlog
E:\编程\易语言\支持库\ESquirrel3\fne\link.11888.write.1.tlog
E:\编程\易语言\支持库\ESquirrel3\fne\link.11952.read.1.tlog
E:\编程\易语言\支持库\ESquirrel3\fne\link.11952.write.1.tlog
E:\编程\易语言\支持库\ESquirrel3\fne\link.12052.read.1.tlog
E:\编程\易语言\支持库\ESquirrel3\fne\link.12052.write.1.tlog
E:\编程\易语言\支持库\ESquirrel3\fne\link.12328.read.1.tlog
E:\编程\易语言\支持库\ESquirrel3\fne\link.12328.write.1.tlog
E:\编程\易语言\支持库\ESquirrel3\fne\link.12348.read.1.tlog
E:\编程\易语言\支持库\ESquirrel3\fne\link.12348.write.1.tlog
E:\编程\易语言\支持库\ESquirrel3\fne\link.12408.read.1.tlog
E:\编程\易语言\支持库\ESquirrel3\fne\link.12408.write.1.tlog
E:\编程\易语言\支持库\ESquirrel3\fne\link.13020.read.1.tlog
E:\编程\易语言\支持库\ESquirrel3\fne\link.13020.write.1.tlog
E:\编程\易语言\支持库\ESquirrel3\fne\link.13060.read.1.tlog
E:\编程\易语言\支持库\ESquirrel3\fne\link.13060.write.1.tlog
E:\编程\易语言\支持库\ESquirrel3\fne\link.13296.read.1.tlog
E:\编程\易语言\支持库\ESquirrel3\fne\link.13296.write.1.tlog
E:\编程\易语言\支持库\ESquirrel3\fne\link.13864.read.1.tlog
E:\编程\易语言\支持库\ESquirrel3\fne\link.13864.write.1.tlog
E:\编程\易语言\支持库\ESquirrel3\fne\link.13888.read.1.tlog
E:\编程\易语言\支持库\ESquirrel3\fne\link.13888.write.1.tlog
E:\编程\易语言\支持库\ESquirrel3\fne\link.14208.read.1.tlog
E:\编程\易语言\支持库\ESquirrel3\fne\link.14208.write.1.tlog
E:\编程\易语言\支持库\ESquirrel3\fne\link.14220.read.1.tlog
E:\编程\易语言\支持库\ESquirrel3\fne\link.14220.write.1.tlog
E:\编程\易语言\支持库\ESquirrel3\fne\link.15300.read.1.tlog
E:\编程\易语言\支持库\ESquirrel3\fne\link.15300.write.1.tlog
E:\编程\易语言\支持库\ESquirrel3\fne\link.19740.read.1.tlog
E:\编程\易语言\支持库\ESquirrel3\fne\link.19740.write.1.tlog
E:\编程\易语言\支持库\ESquirrel3\fne\link.20456.read.1.tlog
E:\编程\易语言\支持库\ESquirrel3\fne\link.20456.write.1.tlog
E:\编程\易语言\支持库\ESquirrel3\fne\link.20460.read.1.tlog
E:\编程\易语言\支持库\ESquirrel3\fne\link.20460.write.1.tlog
E:\编程\易语言\支持库\ESquirrel3\fne\link.24984.read.1.tlog
E:\编程\易语言\支持库\ESquirrel3\fne\link.24984.write.1.tlog
E:\编程\易语言\支持库\ESquirrel3\fne\link.25012.read.1.tlog
E:\编程\易语言\支持库\ESquirrel3\fne\link.25012.write.1.tlog
E:\编程\易语言\支持库\ESquirrel3\fne\link.25392.read.1.tlog
E:\编程\易语言\支持库\ESquirrel3\fne\link.25392.write.1.tlog
E:\编程\易语言\支持库\ESquirrel3\fne\link.26232.read.1.tlog
E:\编程\易语言\支持库\ESquirrel3\fne\link.26232.write.1.tlog
E:\编程\易语言\支持库\ESquirrel3\fne\link.27584.read.1.tlog
E:\编程\易语言\支持库\ESquirrel3\fne\link.27584.write.1.tlog
E:\编程\易语言\支持库\ESquirrel3\fne\link.27668.read.1.tlog
E:\编程\易语言\支持库\ESquirrel3\fne\link.27668.write.1.tlog
E:\编程\易语言\支持库\ESquirrel3\fne\link.28180.read.1.tlog
E:\编程\易语言\支持库\ESquirrel3\fne\link.28180.write.1.tlog
E:\编程\易语言\支持库\ESquirrel3\fne\link.28920.read.1.tlog
E:\编程\易语言\支持库\ESquirrel3\fne\link.28920.write.1.tlog
E:\编程\易语言\支持库\ESquirrel3\fne\link.30208.read.1.tlog
E:\编程\易语言\支持库\ESquirrel3\fne\link.30208.write.1.tlog
E:\编程\易语言\支持库\ESquirrel3\fne\link.30788.read.1.tlog
E:\编程\易语言\支持库\ESquirrel3\fne\link.30788.write.1.tlog
E:\编程\易语言\支持库\ESquirrel3\fne\link.30796.read.1.tlog
E:\编程\易语言\支持库\ESquirrel3\fne\link.30796.write.1.tlog
E:\编程\易语言\支持库\ESquirrel3\fne\link.31772.read.1.tlog
E:\编程\易语言\支持库\ESquirrel3\fne\link.31772.write.1.tlog
E:\编程\易语言\支持库\ESquirrel3\fne\link.32028.read.1.tlog
E:\编程\易语言\支持库\ESquirrel3\fne\link.32028.write.1.tlog
E:\编程\易语言\支持库\ESquirrel3\fne\link.33880.read.1.tlog
E:\编程\易语言\支持库\ESquirrel3\fne\link.33880.write.1.tlog
E:\编程\易语言\支持库\ESquirrel3\fne\link.4812.read.1.tlog
E:\编程\易语言\支持库\ESquirrel3\fne\link.4812.write.1.tlog
E:\编程\易语言\支持库\ESquirrel3\fne\link.6716.read.1.tlog
E:\编程\易语言\支持库\ESquirrel3\fne\link.6716.write.1.tlog
E:\编程\易语言\支持库\ESquirrel3\fne\link.7636.read.1.tlog
E:\编程\易语言\支持库\ESquirrel3\fne\link.7636.write.1.tlog
E:\编程\易语言\支持库\ESquirrel3\fne\link.9048.read.1.tlog
E:\编程\易语言\支持库\ESquirrel3\fne\link.9048.write.1.tlog
E:\编程\易语言\支持库\ESquirrel3\fne\link.9160.read.1.tlog
E:\编程\易语言\支持库\ESquirrel3\fne\link.9160.write.1.tlog
E:\编程\易语言\支持库\ESquirrel3\fne\link.9484.read.1.tlog
E:\编程\易语言\支持库\ESquirrel3\fne\link.9484.write.1.tlog
E:\编程\易语言\支持库\ESquirrel3\fne\link.9584.read.1.tlog
E:\编程\易语言\支持库\ESquirrel3\fne\link.9584.write.1.tlog
E:\编程\易语言\支持库\ESquirrel3\fne\link.9608.read.1.tlog
E:\编程\易语言\支持库\ESquirrel3\fne\link.9608.write.1.tlog
E:\编程\易语言\支持库\ESquirrel3\fne\link.9952.read.1.tlog
E:\编程\易语言\支持库\ESquirrel3\fne\link.9952.write.1.tlog
E:\编程\易语言\支持库\ESquirrel3\fne\link.command.1.tlog
E:\编程\易语言\支持库\ESquirrel3\fne\link.read.1.tlog
E:\编程\易语言\支持库\ESquirrel3\fne\link.write.1.tlog
E:\编程\易语言\支持库\ESquirrel3\Release\esquirrel3.exp
E:\编程\易语言\支持库\ESquirrel3\Release\esquirrel3.lib
