.\fne\esquirrel3.bsc
E:\编程\易语言\支持库\ESquirrel3\fne\BscMake.command.1.tlog
E:\编程\易语言\支持库\ESquirrel3\fne\bscmake.read.1.tlog
E:\编程\易语言\支持库\ESquirrel3\fne\bscmake.write.1.tlog
E:\编程\易语言\支持库\ESquirrel3\fne\cl.command.1.tlog
E:\编程\易语言\支持库\ESquirrel3\fne\CL.read.1.tlog
E:\编程\易语言\支持库\ESquirrel3\fne\CL.write.1.tlog
E:\编程\易语言\支持库\ESQUIRREL3\FNE\ESQUIRREL3.BSC
E:\编程\易语言\支持库\ESquirrel3\fne\esquirrel3.exp
E:\编程\易语言\支持库\ESquirrel3\fne\esquirrel3.lib
E:\编程\易语言\支持库\ESQUIRREL3\FNE\ESQUIRREL3.OBJ
E:\编程\易语言\支持库\ESQUIRREL3\FNE\ESQUIRREL3.SBR
E:\编程\易语言\支持库\ESquirrel3\fne\esquirrel3.write.1.tlog
E:\编程\易语言\支持库\ESQUIRREL3\FNE\HELPER.OBJ
E:\编程\易语言\支持库\ESQUIRREL3\FNE\HELPER.SBR
E:\编程\易语言\支持库\ESquirrel3\fne\link.10584.read.1.tlog
E:\编程\易语言\支持库\ESquirrel3\fne\link.10584.write.1.tlog
E:\编程\易语言\支持库\ESquirrel3\fne\link.10628.read.1.tlog
E:\编程\易语言\支持库\ESquirrel3\fne\link.10628.write.1.tlog
E:\编程\易语言\支持库\ESquirrel3\fne\link.10772.read.1.tlog
E:\编程\易语言\支持库\ESquirrel3\fne\link.10772.write.1.tlog
E:\编程\易语言\支持库\ESquirrel3\fne\link.10856.read.1.tlog
E:\编程\易语言\支持库\ESquirrel3\fne\link.10856.write.1.tlog
E:\编程\易语言\支持库\ESquirrel3\fne\link.12240.read.1.tlog
E:\编程\易语言\支持库\ESquirrel3\fne\link.12240.write.1.tlog
E:\编程\易语言\支持库\ESquirrel3\fne\link.12988.read.1.tlog
E:\编程\易语言\支持库\ESquirrel3\fne\link.12988.write.1.tlog
E:\编程\易语言\支持库\ESquirrel3\fne\link.13184.read.1.tlog
E:\编程\易语言\支持库\ESquirrel3\fne\link.13184.write.1.tlog
E:\编程\易语言\支持库\ESquirrel3\fne\link.13208.read.1.tlog
E:\编程\易语言\支持库\ESquirrel3\fne\link.13208.write.1.tlog
E:\编程\易语言\支持库\ESquirrel3\fne\link.13228.read.1.tlog
E:\编程\易语言\支持库\ESquirrel3\fne\link.13228.write.1.tlog
E:\编程\易语言\支持库\ESquirrel3\fne\link.13860.read.1.tlog
E:\编程\易语言\支持库\ESquirrel3\fne\link.13860.write.1.tlog
E:\编程\易语言\支持库\ESquirrel3\fne\link.13884.read.1.tlog
E:\编程\易语言\支持库\ESquirrel3\fne\link.13884.write.1.tlog
E:\编程\易语言\支持库\ESquirrel3\fne\link.32880.read.1.tlog
E:\编程\易语言\支持库\ESquirrel3\fne\link.32880.write.1.tlog
E:\编程\易语言\支持库\ESquirrel3\fne\link.41012.read.1.tlog
E:\编程\易语言\支持库\ESquirrel3\fne\link.41012.write.1.tlog
E:\编程\易语言\支持库\ESquirrel3\fne\link.47924.read.1.tlog
E:\编程\易语言\支持库\ESquirrel3\fne\link.47924.write.1.tlog
E:\编程\易语言\支持库\ESquirrel3\fne\link.47964.read.1.tlog
E:\编程\易语言\支持库\ESquirrel3\fne\link.47964.write.1.tlog
E:\编程\易语言\支持库\ESquirrel3\fne\link.49168.read.1.tlog
E:\编程\易语言\支持库\ESquirrel3\fne\link.49168.write.1.tlog
E:\编程\易语言\支持库\ESquirrel3\fne\link.49248.read.1.tlog
E:\编程\易语言\支持库\ESquirrel3\fne\link.49248.write.1.tlog
E:\编程\易语言\支持库\ESquirrel3\fne\link.50304.read.1.tlog
E:\编程\易语言\支持库\ESquirrel3\fne\link.50304.write.1.tlog
E:\编程\易语言\支持库\ESquirrel3\fne\link.50464.read.1.tlog
E:\编程\易语言\支持库\ESquirrel3\fne\link.50464.write.1.tlog
E:\编程\易语言\支持库\ESquirrel3\fne\link.50944.read.1.tlog
E:\编程\易语言\支持库\ESquirrel3\fne\link.50944.write.1.tlog
E:\编程\易语言\支持库\ESquirrel3\fne\link.51740.read.1.tlog
E:\编程\易语言\支持库\ESquirrel3\fne\link.51740.write.1.tlog
E:\编程\易语言\支持库\ESquirrel3\fne\link.54772.read.1.tlog
E:\编程\易语言\支持库\ESquirrel3\fne\link.54772.write.1.tlog
E:\编程\易语言\支持库\ESquirrel3\fne\link.61700.read.1.tlog
E:\编程\易语言\支持库\ESquirrel3\fne\link.61700.write.1.tlog
E:\编程\易语言\支持库\ESquirrel3\fne\link.6532.read.1.tlog
E:\编程\易语言\支持库\ESquirrel3\fne\link.6532.write.1.tlog
E:\编程\易语言\支持库\ESquirrel3\fne\link.7640.read.1.tlog
E:\编程\易语言\支持库\ESquirrel3\fne\link.7640.write.1.tlog
E:\编程\易语言\支持库\ESquirrel3\fne\link.7660.read.1.tlog
E:\编程\易语言\支持库\ESquirrel3\fne\link.7660.write.1.tlog
E:\编程\易语言\支持库\ESquirrel3\fne\link.8632.read.1.tlog
E:\编程\易语言\支持库\ESquirrel3\fne\link.8632.write.1.tlog
E:\编程\易语言\支持库\ESquirrel3\fne\link.9156.read.1.tlog
E:\编程\易语言\支持库\ESquirrel3\fne\link.9156.write.1.tlog
E:\编程\易语言\支持库\ESquirrel3\fne\link.9348.read.1.tlog
E:\编程\易语言\支持库\ESquirrel3\fne\link.9348.write.1.tlog
E:\编程\易语言\支持库\ESquirrel3\fne\link.command.1.tlog
E:\编程\易语言\支持库\ESquirrel3\fne\link.read.1.tlog
E:\编程\易语言\支持库\ESquirrel3\fne\link.write.1.tlog
